C:\USERS\QLB\DOCUMENTS\VISUAL STUDIO 2012\PROJECTS\MYFUN\MYFUN\DEBUG\MYFUN.PCH
C:\USERS\QLB\DOCUMENTS\VISUAL STUDIO 2012\PROJECTS\MYFUN\MYFUN\DEBUG\STDAFX.OBJ
C:\USERS\QLB\DOCUMENTS\VISUAL STUDIO 2012\PROJECTS\MYFUN\MYFUN\DEBUG\VC110.PDB
C:\USERS\QLB\DOCUMENTS\VISUAL STUDIO 2012\PROJECTS\MYFUN\MYFUN\DEBUG\CVVIMAGE.OBJ
C:\USERS\QLB\DOCUMENTS\VISUAL STUDIO 2012\PROJECTS\MYFUN\MYFUN\DEBUG\IMAGEPROC.OBJ
C:\USERS\QLB\DOCUMENTS\VISUAL STUDIO 2012\PROJECTS\MYFUN\MYFUN\DEBUG\MYFUN.OBJ
C:\USERS\QLB\DOCUMENTS\VISUAL STUDIO 2012\PROJECTS\MYFUN\MYFUN\DEBUG\MYFUNDLG.OBJ
C:\USERS\QLB\DOCUMENTS\VISUAL STUDIO 2012\PROJECTS\MYFUN\MYFUN\DEBUG\MYSTATIC.OBJ
C:\USERS\QLB\DOCUMENTS\VISUAL STUDIO 2012\PROJECTS\MYFUN\MYFUN\DEBUG\UTILITY.OBJ
C:\USERS\QLB\DOCUMENTS\VISUAL STUDIO 2012\PROJECTS\MYFUN\MYFUN\DEBUG\VIDEOPROSINGLEDLG.OBJ
C:\USERS\QLB\DOCUMENTS\VISUAL STUDIO 2012\PROJECTS\MYFUN\MYFUN\DEBUG\WRITEFRAMEDLG.OBJ
C:\USERS\QLB\DOCUMENTS\VISUAL STUDIO 2012\PROJECTS\MYFUN\DEBUG\MYFUN.ILK
C:\USERS\QLB\DOCUMENTS\VISUAL STUDIO 2012\PROJECTS\MYFUN\DEBUG\MYFUN.EXE
C:\USERS\QLB\DOCUMENTS\VISUAL STUDIO 2012\PROJECTS\MYFUN\MYFUN\DEBUG\MYFUN.EXE.INTERMEDIATE.MANIFEST
C:\USERS\QLB\DOCUMENTS\VISUAL STUDIO 2012\PROJECTS\MYFUN\DEBUG\MYFUN.PDB
C:\USERS\QLB\DOCUMENTS\VISUAL STUDIO 2012\PROJECTS\MYFUN\DEBUG\MYFUN.EXE.MANIFEST
C:\USERS\QLB\DOCUMENTS\VISUAL STUDIO 2012\PROJECTS\MYFUN\MYFUN\DEBUG\MYFUN.RES
C:\Users\qlb\documents\visual studio 2012\Projects\myfun\myfun\Debug\CvvImage.obj
C:\Users\qlb\documents\visual studio 2012\Projects\myfun\myfun\Debug\ImageProc.obj
C:\Users\qlb\documents\visual studio 2012\Projects\myfun\myfun\Debug\myfun.obj
C:\Users\qlb\documents\visual studio 2012\Projects\myfun\myfun\Debug\myfunDlg.obj
C:\Users\qlb\documents\visual studio 2012\Projects\myfun\myfun\Debug\MyStatic.obj
C:\Users\qlb\documents\visual studio 2012\Projects\myfun\myfun\Debug\stdafx.obj
C:\Users\qlb\documents\visual studio 2012\Projects\myfun\myfun\Debug\utility.obj
C:\Users\qlb\documents\visual studio 2012\Projects\myfun\myfun\Debug\VideoProSingleDlg.obj
C:\Users\qlb\documents\visual studio 2012\Projects\myfun\myfun\Debug\WriteFrameDlg.obj
C:\Users\qlb\documents\visual studio 2012\Projects\myfun\myfun\Debug\cl.command.1.tlog
C:\Users\qlb\documents\visual studio 2012\Projects\myfun\myfun\Debug\CL.read.1.tlog
C:\Users\qlb\documents\visual studio 2012\Projects\myfun\myfun\Debug\CL.write.1.tlog
C:\Users\qlb\documents\visual studio 2012\Projects\myfun\myfun\Debug\link-cvtres.read.1.tlog
C:\Users\qlb\documents\visual studio 2012\Projects\myfun\myfun\Debug\link-cvtres.write.1.tlog
C:\Users\qlb\documents\visual studio 2012\Projects\myfun\myfun\Debug\link.command.1.tlog
C:\Users\qlb\documents\visual studio 2012\Projects\myfun\myfun\Debug\link.read.1.tlog
C:\Users\qlb\documents\visual studio 2012\Projects\myfun\myfun\Debug\link.write.1.tlog
C:\Users\qlb\documents\visual studio 2012\Projects\myfun\myfun\Debug\mt.command.1.tlog
C:\Users\qlb\documents\visual studio 2012\Projects\myfun\myfun\Debug\mt.read.1.tlog
C:\Users\qlb\documents\visual studio 2012\Projects\myfun\myfun\Debug\mt.write.1.tlog
C:\Users\qlb\documents\visual studio 2012\Projects\myfun\myfun\Debug\rc.command.1.tlog
C:\Users\qlb\documents\visual studio 2012\Projects\myfun\myfun\Debug\rc.read.1.tlog
C:\Users\qlb\documents\visual studio 2012\Projects\myfun\myfun\Debug\rc.write.1.tlog
C:\Users\qlb\documents\visual studio 2012\Projects\myfun\myfun\Debug\myfun.exe.intermediate.manifest
C:\Users\qlb\documents\visual studio 2012\Projects\myfun\myfun\Debug\myfun.res
C:\Users\qlb\documents\visual studio 2012\Projects\myfun\myfun\Debug\myfun.pch
C:\Users\qlb\documents\visual studio 2012\Projects\myfun\myfun\Debug\vc110.idb
C:\Users\qlb\documents\visual studio 2012\Projects\myfun\myfun\Debug\vc110.pdb
C:\Users\qlb\documents\visual studio 2012\Projects\myfun\Debug\myfun.exe.manifest
C:\Users\qlb\documents\visual studio 2012\Projects\myfun\Debug\myfun.pdb
C:\Users\qlb\documents\visual studio 2012\Projects\myfun\Debug\myfun.exe
C:\Users\qlb\documents\visual studio 2012\Projects\myfun\Debug\myfun.ilk
