生成启动时间为 2014/8/23 5:05:10。
     1>项目“C:\Users\qlb\documents\visual studio 2012\Projects\myfun\myfun\myfun.vcxproj”在节点 2 上(Build 个目标)。
     1>ClCompile:
         C:\Program Files (x86)\Microsoft Visual Studio 11.0\VC\bin\CL.exe /c /ZI /nologo /W3 /WX- /sdl /Od /Oy- /D WIN32 /D _WINDOWS /D _DEBUG /D _CRT_SECURE_NO_WARNINGS /D _UNICODE /D UNICODE /Gm /EHsc /RTC1 /MTd /GS /fp:precise /Zc:wchar_t /Zc:forScope /Yu"stdafx.h" /Fp"Debug\myfun.pch" /Fo"Debug\\" /Fd"Debug\vc110.pdb" /Gd /TP /analyze- /errorReport:prompt myfunDlg.cpp
         myfunDlg.cpp
     1>c:\users\qlb\documents\visual studio 2012\projects\myfun\myfun\myfundlg.cpp(227): warning C4244: “=”: 从“double”转换到“int”，可能丢失数据
     1>c:\users\qlb\documents\visual studio 2012\projects\myfun\myfun\myfundlg.cpp(228): warning C4244: “初始化”: 从“double”转换到“int”，可能丢失数据
     1>c:\users\qlb\documents\visual studio 2012\projects\myfun\myfun\myfundlg.cpp(616): warning C4244: “初始化”: 从“double”转换到“int”，可能丢失数据
     1>c:\users\qlb\documents\visual studio 2012\projects\myfun\myfun\myfundlg.cpp(664): warning C4244: “初始化”: 从“double”转换到“int”，可能丢失数据
     1>c:\users\qlb\documents\visual studio 2012\projects\myfun\myfun\myfundlg.cpp(1254): warning C4244: “初始化”: 从“double”转换到“int”，可能丢失数据
       Link:
         C:\Program Files (x86)\Microsoft Visual Studio 11.0\VC\bin\link.exe /ERRORREPORT:PROMPT /OUT:"C:\Users\qlb\documents\visual studio 2012\Projects\myfun\Debug\myfun.exe" /INCREMENTAL /NOLOGO opencv_ml248d.lib opencv_calib3d248d.lib opencv_contrib248d.lib opencv_core248d.lib opencv_features2d248d.lib opencv_flann248d.lib opencv_gpu248d.lib opencv_highgui248d.lib opencv_imgproc248d.lib opencv_legacy248d.lib opencv_objdetect248d.lib opencv_ts248d.lib opencv_video248d.lib opencv_nonfree248d.lib opencv_ocl248d.lib opencv_photo248d.lib opencv_stitching248d.lib opencv_superres248d.lib opencv_videostab248d.lib vl.lib /MANIFEST /ManifestFile:"Debug\myfun.exe.intermediate.manifest" /MANIFESTUAC:"level='asInvoker' uiAccess='false'" /DEBUG /PDB:"C:\Users\qlb\documents\visual studio 2012\Projects\myfun\Debug\myfun.pdb" /SUBSYSTEM:WINDOWS /TLBID:1 /ENTRY:"wWinMainCRTStartup" /DYNAMICBASE /NXCOMPAT /IMPLIB:"C:\Users\qlb\documents\visual studio 2012\Projects\myfun\Debug\myfun.lib" /MACHINE:X86 Debug\myfun.res
         Debug\CvvImage.obj
         Debug\ImageProc.obj
         Debug\myfun.obj
         Debug\myfunDlg.obj
         Debug\MyStatic.obj
         Debug\stdafx.obj
         Debug\utility.obj
         Debug\VideoProSingleDlg.obj
         Debug\WriteFrameDlg.obj
         myfun.vcxproj -> C:\Users\qlb\documents\visual studio 2012\Projects\myfun\Debug\myfun.exe
       Manifest:
         C:\Program Files (x86)\Windows Kits\8.0\bin\x86\mt.exe /nologo /verbose /out:"C:\Users\qlb\documents\visual studio 2012\Projects\myfun\Debug\myfun.exe.manifest" /manifest Debug\myfun.exe.intermediate.manifest "C:\Program Files (x86)\Microsoft Visual Studio 11.0\VC\Include\Manifest\dpiaware.manifest"
     1>已完成生成项目“C:\Users\qlb\documents\visual studio 2012\Projects\myfun\myfun\myfun.vcxproj”(Build 个目标)的操作。

生成成功。

已用时间 00:00:02.86
